{"J:\\Missionready\\_COMPLETED\\mission3\\routes\\calculatequote.js": {"path":"J:\\Missionready\\_COMPLETED\\mission3\\routes\\calculatequote.js","statementMap":{"0":{"start":{"line":1,"column":16},"end":{"line":1,"column":34}},"1":{"start":{"line":2,"column":19},"end":{"line":2,"column":41}},"2":{"start":{"line":3,"column":15},"end":{"line":3,"column":31}},"3":{"start":{"line":4,"column":0},"end":{"line":4,"column":30}},"4":{"start":{"line":5,"column":0},"end":{"line":22,"column":3}},"5":{"start":{"line":6,"column":2},"end":{"line":21,"column":3}},"6":{"start":{"line":7,"column":18},"end":{"line":7,"column":36}},"7":{"start":{"line":8,"column":17},"end":{"line":8,"column":37}},"8":{"start":{"line":9,"column":4},"end":{"line":11,"column":5}},"9":{"start":{"line":10,"column":6},"end":{"line":10,"column":60}},"10":{"start":{"line":12,"column":19},"end":{"line":12,"column":39}},"11":{"start":{"line":13,"column":20},"end":{"line":13,"column":31}},"12":{"start":{"line":14,"column":19},"end":{"line":17,"column":5}},"13":{"start":{"line":18,"column":4},"end":{"line":18,"column":21}},"14":{"start":{"line":20,"column":4},"end":{"line":20,"column":64}},"15":{"start":{"line":23,"column":0},"end":{"line":23,"column":24}}},"fnMap":{"0":{"name":"(anonymous_0)","decl":{"start":{"line":5,"column":17},"end":{"line":5,"column":18}},"loc":{"start":{"line":5,"column":37},"end":{"line":22,"column":1}},"line":5}},"branchMap":{"0":{"loc":{"start":{"line":9,"column":4},"end":{"line":11,"column":5}},"type":"if","locations":[{"start":{"line":9,"column":4},"end":{"line":11,"column":5}},{"start":{},"end":{}}],"line":9},"1":{"loc":{"start":{"line":9,"column":8},"end":{"line":9,"column":61}},"type":"binary-expr","locations":[{"start":{"line":9,"column":8},"end":{"line":9,"column":33}},{"start":{"line":9,"column":37},"end":{"line":9,"column":61}}],"line":9}},"s":{"0":1,"1":1,"2":1,"3":1,"4":1,"5":5,"6":5,"7":5,"8":5,"9":4,"10":1,"11":1,"12":1,"13":1,"14":4,"15":1},"f":{"0":5},"b":{"0":[4,1],"1":[5,2]},"_coverageSchema":"1a1c01bbd47fc00a2c39e90264f33305004495a9","hash":"d5eab38abdad334237879cce2e97f8d7748c3d02"}
,"J:\\Missionready\\_COMPLETED\\mission3\\routes\\calculaterisk.js": {"path":"J:\\Missionready\\_COMPLETED\\mission3\\routes\\calculaterisk.js","statementMap":{"0":{"start":{"line":1,"column":16},"end":{"line":1,"column":34}},"1":{"start":{"line":2,"column":19},"end":{"line":2,"column":41}},"2":{"start":{"line":3,"column":15},"end":{"line":3,"column":31}},"3":{"start":{"line":4,"column":0},"end":{"line":4,"column":30}},"4":{"start":{"line":5,"column":0},"end":{"line":38,"column":3}},"5":{"start":{"line":6,"column":2},"end":{"line":6,"column":44}},"6":{"start":{"line":7,"column":28},"end":{"line":7,"column":36}},"7":{"start":{"line":8,"column":2},"end":{"line":37,"column":3}},"8":{"start":{"line":9,"column":4},"end":{"line":11,"column":5}},"9":{"start":{"line":10,"column":6},"end":{"line":10,"column":48}},"10":{"start":{"line":12,"column":25},"end":{"line":12,"column":73}},"11":{"start":{"line":13,"column":16},"end":{"line":13,"column":17}},"12":{"start":{"line":15,"column":18},"end":{"line":15,"column":42}},"13":{"start":{"line":17,"column":4},"end":{"line":25,"column":5}},"14":{"start":{"line":18,"column":6},"end":{"line":24,"column":7}},"15":{"start":{"line":20,"column":10},"end":{"line":20,"column":60}},"16":{"start":{"line":23,"column":8},"end":{"line":23,"column":16}},"17":{"start":{"line":27,"column":4},"end":{"line":29,"column":5}},"18":{"start":{"line":28,"column":6},"end":{"line":28,"column":14}},"19":{"start":{"line":30,"column":4},"end":{"line":32,"column":5}},"20":{"start":{"line":31,"column":6},"end":{"line":31,"column":16}},"21":{"start":{"line":33,"column":23},"end":{"line":33,"column":28}},"22":{"start":{"line":34,"column":4},"end":{"line":34,"column":61}},"23":{"start":{"line":36,"column":4},"end":{"line":36,"column":64}},"24":{"start":{"line":39,"column":0},"end":{"line":39,"column":24}}},"fnMap":{"0":{"name":"(anonymous_0)","decl":{"start":{"line":5,"column":17},"end":{"line":5,"column":18}},"loc":{"start":{"line":5,"column":37},"end":{"line":38,"column":1}},"line":5},"1":{"name":"(anonymous_1)","decl":{"start":{"line":19,"column":26},"end":{"line":19,"column":27}},"loc":{"start":{"line":20,"column":10},"end":{"line":20,"column":60}},"line":20}},"branchMap":{"0":{"loc":{"start":{"line":9,"column":4},"end":{"line":11,"column":5}},"type":"if","locations":[{"start":{"line":9,"column":4},"end":{"line":11,"column":5}},{"start":{},"end":{}}],"line":9},"1":{"loc":{"start":{"line":18,"column":6},"end":{"line":24,"column":7}},"type":"if","locations":[{"start":{"line":18,"column":6},"end":{"line":24,"column":7}},{"start":{},"end":{}}],"line":18},"2":{"loc":{"start":{"line":27,"column":4},"end":{"line":29,"column":5}},"type":"if","locations":[{"start":{"line":27,"column":4},"end":{"line":29,"column":5}},{"start":{},"end":{}}],"line":27},"3":{"loc":{"start":{"line":30,"column":4},"end":{"line":32,"column":5}},"type":"if","locations":[{"start":{"line":30,"column":4},"end":{"line":32,"column":5}},{"start":{},"end":{}}],"line":30}},"s":{"0":1,"1":1,"2":1,"3":1,"4":1,"5":7,"6":7,"7":7,"8":7,"9":1,"10":6,"11":6,"12":6,"13":6,"14":50,"15":206,"16":21,"17":6,"18":2,"19":6,"20":1,"21":6,"22":6,"23":1,"24":1},"f":{"0":7,"1":206},"b":{"0":[1,6],"1":[21,29],"2":[2,4],"3":[1,5]},"_coverageSchema":"1a1c01bbd47fc00a2c39e90264f33305004495a9","hash":"eb4a1db551bcae7f6e6478339e5736b5b052c50d"}
,"J:\\Missionready\\_COMPLETED\\mission3\\routes\\calculatevalue.js": {"path":"J:\\Missionready\\_COMPLETED\\mission3\\routes\\calculatevalue.js","statementMap":{"0":{"start":{"line":1,"column":16},"end":{"line":1,"column":34}},"1":{"start":{"line":2,"column":19},"end":{"line":2,"column":41}},"2":{"start":{"line":3,"column":15},"end":{"line":3,"column":31}},"3":{"start":{"line":4,"column":0},"end":{"line":4,"column":30}},"4":{"start":{"line":5,"column":0},"end":{"line":28,"column":3}},"5":{"start":{"line":6,"column":2},"end":{"line":6,"column":45}},"6":{"start":{"line":7,"column":2},"end":{"line":27,"column":3}},"7":{"start":{"line":8,"column":28},"end":{"line":8,"column":36}},"8":{"start":{"line":9,"column":4},"end":{"line":11,"column":5}},"9":{"start":{"line":10,"column":6},"end":{"line":10,"column":79}},"10":{"start":{"line":13,"column":21},"end":{"line":13,"column":40}},"11":{"start":{"line":15,"column":21},"end":{"line":15,"column":22}},"12":{"start":{"line":16,"column":4},"end":{"line":21,"column":5}},"13":{"start":{"line":16,"column":17},"end":{"line":16,"column":18}},"14":{"start":{"line":17,"column":23},"end":{"line":17,"column":45}},"15":{"start":{"line":18,"column":6},"end":{"line":20,"column":7}},"16":{"start":{"line":19,"column":8},"end":{"line":19,"column":36}},"17":{"start":{"line":23,"column":21},"end":{"line":23,"column":44}},"18":{"start":{"line":24,"column":4},"end":{"line":24,"column":57}},"19":{"start":{"line":26,"column":4},"end":{"line":26,"column":65}},"20":{"start":{"line":29,"column":0},"end":{"line":29,"column":24}}},"fnMap":{"0":{"name":"(anonymous_0)","decl":{"start":{"line":5,"column":17},"end":{"line":5,"column":18}},"loc":{"start":{"line":5,"column":37},"end":{"line":28,"column":1}},"line":5}},"branchMap":{"0":{"loc":{"start":{"line":9,"column":4},"end":{"line":11,"column":5}},"type":"if","locations":[{"start":{"line":9,"column":4},"end":{"line":11,"column":5}},{"start":{},"end":{}}],"line":9},"1":{"loc":{"start":{"line":9,"column":8},"end":{"line":9,"column":73}},"type":"binary-expr","locations":[{"start":{"line":9,"column":8},"end":{"line":9,"column":33}},{"start":{"line":9,"column":37},"end":{"line":9,"column":61}},{"start":{"line":9,"column":65},"end":{"line":9,"column":73}}],"line":9},"2":{"loc":{"start":{"line":18,"column":6},"end":{"line":20,"column":7}},"type":"if","locations":[{"start":{"line":18,"column":6},"end":{"line":20,"column":7}},{"start":{},"end":{}}],"line":18},"3":{"loc":{"start":{"line":18,"column":10},"end":{"line":18,"column":43}},"type":"binary-expr","locations":[{"start":{"line":18,"column":10},"end":{"line":18,"column":24}},{"start":{"line":18,"column":28},"end":{"line":18,"column":43}}],"line":18}},"s":{"0":1,"1":1,"2":1,"3":1,"4":1,"5":5,"6":5,"7":5,"8":5,"9":2,"10":3,"11":3,"12":3,"13":3,"14":14,"15":14,"16":11,"17":3,"18":3,"19":2,"20":1},"f":{"0":5},"b":{"0":[2,3],"1":[5,5,4],"2":[11,3],"3":[14,11]},"_coverageSchema":"1a1c01bbd47fc00a2c39e90264f33305004495a9","hash":"320b6415ea8d8c17a00c6fee27693eb0b9532953"}
,"J:\\Missionready\\_COMPLETED\\mission3\\routes\\routetest.js": {"path":"J:\\Missionready\\_COMPLETED\\mission3\\routes\\routetest.js","statementMap":{"0":{"start":{"line":1,"column":16},"end":{"line":1,"column":34}},"1":{"start":{"line":2,"column":19},"end":{"line":2,"column":41}},"2":{"start":{"line":3,"column":15},"end":{"line":3,"column":31}},"3":{"start":{"line":5,"column":0},"end":{"line":8,"column":3}},"4":{"start":{"line":6,"column":19},"end":{"line":6,"column":49}},"5":{"start":{"line":7,"column":2},"end":{"line":7,"column":40}},"6":{"start":{"line":10,"column":0},"end":{"line":10,"column":24}}},"fnMap":{"0":{"name":"(anonymous_0)","decl":{"start":{"line":5,"column":17},"end":{"line":5,"column":18}},"loc":{"start":{"line":5,"column":31},"end":{"line":8,"column":1}},"line":5}},"branchMap":{},"s":{"0":1,"1":1,"2":1,"3":1,"4":1,"5":1,"6":1},"f":{"0":1},"b":{},"_coverageSchema":"1a1c01bbd47fc00a2c39e90264f33305004495a9","hash":"3e4d93701caad7734ae415d2a8a200668da79991"}
}
