{"J:\\Missionready\\mission3\\routes\\calculatequote.js": {"path":"J:\\Missionready\\mission3\\routes\\calculatequote.js","statementMap":{"0":{"start":{"line":1,"column":16},"end":{"line":1,"column":34}},"1":{"start":{"line":2,"column":19},"end":{"line":2,"column":41}},"2":{"start":{"line":3,"column":15},"end":{"line":3,"column":31}},"3":{"start":{"line":4,"column":0},"end":{"line":4,"column":29}},"4":{"start":{"line":6,"column":0},"end":{"line":29,"column":3}},"5":{"start":{"line":7,"column":4},"end":{"line":7,"column":46}},"6":{"start":{"line":8,"column":4},"end":{"line":26,"column":5}},"7":{"start":{"line":9,"column":22},"end":{"line":9,"column":40}},"8":{"start":{"line":10,"column":17},"end":{"line":10,"column":37}},"9":{"start":{"line":11,"column":4},"end":{"line":13,"column":5}},"10":{"start":{"line":12,"column":8},"end":{"line":12,"column":61}},"11":{"start":{"line":15,"column":19},"end":{"line":15,"column":39}},"12":{"start":{"line":16,"column":18},"end":{"line":16,"column":29}},"13":{"start":{"line":17,"column":17},"end":{"line":20,"column":3}},"14":{"start":{"line":22,"column":4},"end":{"line":22,"column":21}},"15":{"start":{"line":24,"column":8},"end":{"line":24,"column":61}},"16":{"start":{"line":31,"column":0},"end":{"line":31,"column":23}}},"fnMap":{"0":{"name":"(anonymous_0)","decl":{"start":{"line":6,"column":17},"end":{"line":6,"column":18}},"loc":{"start":{"line":6,"column":37},"end":{"line":29,"column":1}},"line":6}},"branchMap":{"0":{"loc":{"start":{"line":11,"column":4},"end":{"line":13,"column":5}},"type":"if","locations":[{"start":{"line":11,"column":4},"end":{"line":13,"column":5}},{"start":{},"end":{}}],"line":11},"1":{"loc":{"start":{"line":11,"column":8},"end":{"line":11,"column":61}},"type":"binary-expr","locations":[{"start":{"line":11,"column":8},"end":{"line":11,"column":33}},{"start":{"line":11,"column":37},"end":{"line":11,"column":61}}],"line":11}},"s":{"0":1,"1":1,"2":1,"3":1,"4":1,"5":1,"6":1,"7":1,"8":1,"9":1,"10":0,"11":1,"12":1,"13":1,"14":1,"15":0,"16":1},"f":{"0":1},"b":{"0":[0,1],"1":[1,1]},"_coverageSchema":"1a1c01bbd47fc00a2c39e90264f33305004495a9","hash":"8514a3341e68460954fb9b67c990a33ebf716ad5"}
,"J:\\Missionready\\mission3\\routes\\calculaterisk.js": {"path":"J:\\Missionready\\mission3\\routes\\calculaterisk.js","statementMap":{"0":{"start":{"line":1,"column":16},"end":{"line":1,"column":34}},"1":{"start":{"line":2,"column":19},"end":{"line":2,"column":41}},"2":{"start":{"line":3,"column":15},"end":{"line":3,"column":31}},"3":{"start":{"line":4,"column":0},"end":{"line":4,"column":29}},"4":{"start":{"line":6,"column":0},"end":{"line":43,"column":3}},"5":{"start":{"line":7,"column":4},"end":{"line":7,"column":45}},"6":{"start":{"line":8,"column":30},"end":{"line":8,"column":38}},"7":{"start":{"line":9,"column":4},"end":{"line":41,"column":7}},"8":{"start":{"line":10,"column":4},"end":{"line":13,"column":5}},"9":{"start":{"line":11,"column":6},"end":{"line":11,"column":59}},"10":{"start":{"line":12,"column":6},"end":{"line":12,"column":13}},"11":{"start":{"line":14,"column":25},"end":{"line":14,"column":73}},"12":{"start":{"line":15,"column":16},"end":{"line":15,"column":17}},"13":{"start":{"line":17,"column":18},"end":{"line":17,"column":42}},"14":{"start":{"line":19,"column":4},"end":{"line":27,"column":5}},"15":{"start":{"line":20,"column":6},"end":{"line":26,"column":7}},"16":{"start":{"line":22,"column":10},"end":{"line":22,"column":60}},"17":{"start":{"line":25,"column":8},"end":{"line":25,"column":16}},"18":{"start":{"line":29,"column":4},"end":{"line":31,"column":5}},"19":{"start":{"line":30,"column":6},"end":{"line":30,"column":14}},"20":{"start":{"line":32,"column":4},"end":{"line":34,"column":5}},"21":{"start":{"line":33,"column":6},"end":{"line":33,"column":16}},"22":{"start":{"line":35,"column":23},"end":{"line":35,"column":28}},"23":{"start":{"line":36,"column":4},"end":{"line":36,"column":54}},"24":{"start":{"line":38,"column":6},"end":{"line":38,"column":60}},"25":{"start":{"line":39,"column":6},"end":{"line":39,"column":59}},"26":{"start":{"line":40,"column":6},"end":{"line":40,"column":13}},"27":{"start":{"line":45,"column":0},"end":{"line":45,"column":23}}},"fnMap":{"0":{"name":"(anonymous_0)","decl":{"start":{"line":6,"column":17},"end":{"line":6,"column":18}},"loc":{"start":{"line":6,"column":37},"end":{"line":43,"column":1}},"line":6},"1":{"name":"(anonymous_1)","decl":{"start":{"line":21,"column":26},"end":{"line":21,"column":27}},"loc":{"start":{"line":22,"column":10},"end":{"line":22,"column":60}},"line":22}},"branchMap":{"0":{"loc":{"start":{"line":10,"column":4},"end":{"line":13,"column":5}},"type":"if","locations":[{"start":{"line":10,"column":4},"end":{"line":13,"column":5}},{"start":{},"end":{}}],"line":10},"1":{"loc":{"start":{"line":20,"column":6},"end":{"line":26,"column":7}},"type":"if","locations":[{"start":{"line":20,"column":6},"end":{"line":26,"column":7}},{"start":{},"end":{}}],"line":20},"2":{"loc":{"start":{"line":29,"column":4},"end":{"line":31,"column":5}},"type":"if","locations":[{"start":{"line":29,"column":4},"end":{"line":31,"column":5}},{"start":{},"end":{}}],"line":29},"3":{"loc":{"start":{"line":32,"column":4},"end":{"line":34,"column":5}},"type":"if","locations":[{"start":{"line":32,"column":4},"end":{"line":34,"column":5}},{"start":{},"end":{}}],"line":32}},"s":{"0":1,"1":1,"2":1,"3":1,"4":1,"5":7,"6":7,"7":7,"8":7,"9":1,"10":1,"11":6,"12":6,"13":6,"14":6,"15":50,"16":206,"17":21,"18":6,"19":2,"20":6,"21":1,"22":6,"23":6,"24":0,"25":0,"26":0,"27":1},"f":{"0":7,"1":206},"b":{"0":[1,6],"1":[21,29],"2":[2,4],"3":[1,5]},"_coverageSchema":"1a1c01bbd47fc00a2c39e90264f33305004495a9","hash":"fe663261a35709722878ce4e027536f89055fc53"}
,"J:\\Missionready\\mission3\\routes\\calculatevalue.js": {"path":"J:\\Missionready\\mission3\\routes\\calculatevalue.js","statementMap":{"0":{"start":{"line":1,"column":16},"end":{"line":1,"column":34}},"1":{"start":{"line":2,"column":19},"end":{"line":2,"column":41}},"2":{"start":{"line":3,"column":15},"end":{"line":3,"column":31}},"3":{"start":{"line":4,"column":0},"end":{"line":4,"column":29}},"4":{"start":{"line":6,"column":0},"end":{"line":31,"column":3}},"5":{"start":{"line":7,"column":4},"end":{"line":7,"column":46}},"6":{"start":{"line":8,"column":4},"end":{"line":30,"column":7}},"7":{"start":{"line":9,"column":30},"end":{"line":9,"column":38}},"8":{"start":{"line":10,"column":8},"end":{"line":12,"column":9}},"9":{"start":{"line":11,"column":10},"end":{"line":11,"column":106}},"10":{"start":{"line":14,"column":25},"end":{"line":14,"column":44}},"11":{"start":{"line":16,"column":25},"end":{"line":16,"column":26}},"12":{"start":{"line":17,"column":8},"end":{"line":22,"column":9}},"13":{"start":{"line":17,"column":21},"end":{"line":17,"column":22}},"14":{"start":{"line":18,"column":27},"end":{"line":18,"column":49}},"15":{"start":{"line":19,"column":10},"end":{"line":21,"column":11}},"16":{"start":{"line":20,"column":12},"end":{"line":20,"column":40}},"17":{"start":{"line":24,"column":25},"end":{"line":24,"column":48}},"18":{"start":{"line":26,"column":8},"end":{"line":26,"column":61}},"19":{"start":{"line":28,"column":8},"end":{"line":28,"column":63}},"20":{"start":{"line":29,"column":8},"end":{"line":29,"column":81}},"21":{"start":{"line":33,"column":0},"end":{"line":33,"column":23}}},"fnMap":{"0":{"name":"(anonymous_0)","decl":{"start":{"line":6,"column":17},"end":{"line":6,"column":18}},"loc":{"start":{"line":6,"column":37},"end":{"line":31,"column":1}},"line":6}},"branchMap":{"0":{"loc":{"start":{"line":10,"column":8},"end":{"line":12,"column":9}},"type":"if","locations":[{"start":{"line":10,"column":8},"end":{"line":12,"column":9}},{"start":{},"end":{}}],"line":10},"1":{"loc":{"start":{"line":10,"column":12},"end":{"line":10,"column":77}},"type":"binary-expr","locations":[{"start":{"line":10,"column":12},"end":{"line":10,"column":37}},{"start":{"line":10,"column":41},"end":{"line":10,"column":65}},{"start":{"line":10,"column":69},"end":{"line":10,"column":77}}],"line":10},"2":{"loc":{"start":{"line":19,"column":10},"end":{"line":21,"column":11}},"type":"if","locations":[{"start":{"line":19,"column":10},"end":{"line":21,"column":11}},{"start":{},"end":{}}],"line":19},"3":{"loc":{"start":{"line":19,"column":14},"end":{"line":19,"column":47}},"type":"binary-expr","locations":[{"start":{"line":19,"column":14},"end":{"line":19,"column":28}},{"start":{"line":19,"column":32},"end":{"line":19,"column":47}}],"line":19}},"s":{"0":1,"1":1,"2":1,"3":1,"4":1,"5":5,"6":5,"7":5,"8":5,"9":2,"10":3,"11":3,"12":3,"13":3,"14":14,"15":14,"16":11,"17":3,"18":3,"19":0,"20":0,"21":1},"f":{"0":5},"b":{"0":[2,3],"1":[5,5,4],"2":[11,3],"3":[14,11]},"_coverageSchema":"1a1c01bbd47fc00a2c39e90264f33305004495a9","hash":"648bab2aaeef9b0ddacaa9cc7e7553854efeb914"}
,"J:\\Missionready\\mission3\\routes\\routetest.js": {"path":"J:\\Missionready\\mission3\\routes\\routetest.js","statementMap":{"0":{"start":{"line":1,"column":16},"end":{"line":1,"column":34}},"1":{"start":{"line":2,"column":19},"end":{"line":2,"column":41}},"2":{"start":{"line":3,"column":15},"end":{"line":3,"column":31}},"3":{"start":{"line":6,"column":0},"end":{"line":9,"column":2}},"4":{"start":{"line":7,"column":21},"end":{"line":7,"column":51}},"5":{"start":{"line":8,"column":4},"end":{"line":8,"column":42}},"6":{"start":{"line":11,"column":0},"end":{"line":11,"column":23}}},"fnMap":{"0":{"name":"(anonymous_0)","decl":{"start":{"line":6,"column":17},"end":{"line":6,"column":18}},"loc":{"start":{"line":6,"column":31},"end":{"line":9,"column":1}},"line":6}},"branchMap":{},"s":{"0":1,"1":1,"2":1,"3":1,"4":1,"5":1,"6":1},"f":{"0":1},"b":{},"_coverageSchema":"1a1c01bbd47fc00a2c39e90264f33305004495a9","hash":"6af3702c0283d8a4988763059db0b2d170bf94ed"}
}
