TN:
SF:routes\calculatequote.js
FN:5,(anonymous_0)
FNF:1
FNH:1
FNDA:5,(anonymous_0)
DA:1,1
DA:2,1
DA:3,1
DA:4,1
DA:5,1
DA:6,5
DA:7,5
DA:8,5
DA:9,5
DA:10,4
DA:12,1
DA:13,1
DA:14,1
DA:18,1
DA:20,4
DA:23,1
LF:16
LH:16
BRDA:9,0,0,4
BRDA:9,0,1,1
BRDA:9,1,0,5
BRDA:9,1,1,2
BRF:4
BRH:4
end_of_record
TN:
SF:routes\calculaterisk.js
FN:5,(anonymous_0)
FN:19,(anonymous_1)
FNF:2
FNH:2
FNDA:7,(anonymous_0)
FNDA:206,(anonymous_1)
DA:1,1
DA:2,1
DA:3,1
DA:4,1
DA:5,1
DA:6,7
DA:7,7
DA:8,7
DA:9,7
DA:10,1
DA:12,6
DA:13,6
DA:15,6
DA:17,6
DA:18,50
DA:20,206
DA:23,21
DA:27,6
DA:28,2
DA:30,6
DA:31,1
DA:33,6
DA:34,6
DA:36,1
DA:39,1
LF:25
LH:25
BRDA:9,0,0,1
BRDA:9,0,1,6
BRDA:18,1,0,21
BRDA:18,1,1,29
BRDA:27,2,0,2
BRDA:27,2,1,4
BRDA:30,3,0,1
BRDA:30,3,1,5
BRF:8
BRH:8
end_of_record
TN:
SF:routes\calculatevalue.js
FN:5,(anonymous_0)
FNF:1
FNH:1
FNDA:5,(anonymous_0)
DA:1,1
DA:2,1
DA:3,1
DA:4,1
DA:5,1
DA:6,5
DA:7,5
DA:8,5
DA:9,5
DA:10,2
DA:13,3
DA:15,3
DA:16,3
DA:17,14
DA:18,14
DA:19,11
DA:23,3
DA:24,3
DA:26,2
DA:29,1
LF:20
LH:20
BRDA:9,0,0,2
BRDA:9,0,1,3
BRDA:9,1,0,5
BRDA:9,1,1,5
BRDA:9,1,2,4
BRDA:18,2,0,11
BRDA:18,2,1,3
BRDA:18,3,0,14
BRDA:18,3,1,11
BRF:9
BRH:9
end_of_record
TN:
SF:routes\routetest.js
FN:5,(anonymous_0)
FNF:1
FNH:1
FNDA:1,(anonymous_0)
DA:1,1
DA:2,1
DA:3,1
DA:5,1
DA:6,1
DA:7,1
DA:10,1
LF:7
LH:7
BRF:0
BRH:0
end_of_record
