TN:
SF:routes\calculatequote.js
FN:6,(anonymous_0)
FNF:1
FNH:1
FNDA:1,(anonymous_0)
DA:1,1
DA:2,1
DA:3,1
DA:4,1
DA:6,1
DA:7,1
DA:8,1
DA:9,1
DA:10,1
DA:11,1
DA:12,0
DA:15,1
DA:16,1
DA:17,1
DA:22,1
DA:24,0
DA:31,1
LF:17
LH:15
BRDA:11,0,0,0
BRDA:11,0,1,1
BRDA:11,1,0,1
BRDA:11,1,1,1
BRF:4
BRH:3
end_of_record
TN:
SF:routes\calculaterisk.js
FN:6,(anonymous_0)
FN:21,(anonymous_1)
FNF:2
FNH:2
FNDA:7,(anonymous_0)
FNDA:206,(anonymous_1)
DA:1,1
DA:2,1
DA:3,1
DA:4,1
DA:6,1
DA:7,7
DA:8,7
DA:9,7
DA:10,7
DA:11,1
DA:12,1
DA:14,6
DA:15,6
DA:17,6
DA:19,6
DA:20,50
DA:22,206
DA:25,21
DA:29,6
DA:30,2
DA:32,6
DA:33,1
DA:35,6
DA:36,6
DA:38,0
DA:39,0
DA:40,0
DA:45,1
LF:28
LH:25
BRDA:10,0,0,1
BRDA:10,0,1,6
BRDA:20,1,0,21
BRDA:20,1,1,29
BRDA:29,2,0,2
BRDA:29,2,1,4
BRDA:32,3,0,1
BRDA:32,3,1,5
BRF:8
BRH:8
end_of_record
TN:
SF:routes\calculatevalue.js
FN:6,(anonymous_0)
FNF:1
FNH:1
FNDA:5,(anonymous_0)
DA:1,1
DA:2,1
DA:3,1
DA:4,1
DA:6,1
DA:7,5
DA:8,5
DA:9,5
DA:10,5
DA:11,2
DA:14,3
DA:16,3
DA:17,3
DA:18,14
DA:19,14
DA:20,11
DA:24,3
DA:26,3
DA:28,0
DA:29,0
DA:33,1
LF:21
LH:19
BRDA:10,0,0,2
BRDA:10,0,1,3
BRDA:10,1,0,5
BRDA:10,1,1,5
BRDA:10,1,2,4
BRDA:19,2,0,11
BRDA:19,2,1,3
BRDA:19,3,0,14
BRDA:19,3,1,11
BRF:9
BRH:9
end_of_record
TN:
SF:routes\routetest.js
FN:6,(anonymous_0)
FNF:1
FNH:1
FNDA:1,(anonymous_0)
DA:1,1
DA:2,1
DA:3,1
DA:6,1
DA:7,1
DA:8,1
DA:11,1
LF:7
LH:7
BRF:0
BRH:0
end_of_record
